2023-09-28 22:29:49,778 INFO a.t.UserTests [main] ***** Creating User ***********
2023-09-28 22:29:51,812 INFO a.t.UserTests [main] ***** User is Created ***********
2023-09-28 22:29:51,821 INFO a.t.UserTests [main] ***** Creating User by Name***********
2023-09-28 22:29:52,331 INFO a.t.UserTests [main] ***** Updating User***********
2023-09-28 22:29:53,316 INFO a.t.UserTests [main] ***** Deleting User***********
2023-09-28 22:31:38,010 INFO a.t.UserTests [main] ***** Creating User ***********
2023-09-28 22:31:39,922 INFO a.t.UserTests [main] ***** User is Created ***********
2023-09-28 22:31:39,931 INFO a.t.UserTests [main] ***** Creating User by Name***********
2023-09-28 22:31:40,485 INFO a.t.UserTests [main] ***** Updating User***********
2023-09-28 22:31:41,533 INFO a.t.UserTests [main] ***** Deleting User***********
2023-09-29 13:02:47,355 INFO a.t.UserTests2 [main] ***** Creating User ***********
2023-09-29 13:02:47,371 INFO a.t.UserTests2 [main] ***** Creating User by Name***********
2023-09-29 13:02:47,375 INFO a.t.UserTests2 [main] ***** Updating User***********
2023-09-29 13:02:47,379 INFO a.t.UserTests2 [main] ***** Deleting User***********
2023-09-29 13:07:25,875 INFO a.t.UserTests2 [main] ***** Creating User ***********
2023-09-29 13:07:28,667 INFO a.t.UserTests2 [main] ***** Creating User by Name***********
2023-09-29 13:07:29,533 INFO a.t.UserTests2 [main] ***** Updating User***********
2023-09-29 13:07:30,400 INFO a.t.UserTests2 [main] ***** Deleting User***********
2023-09-29 13:09:42,751 INFO a.t.UserTests2 [main] ***** Creating User ***********
2023-09-29 13:09:45,405 INFO a.t.UserTests2 [main] ***** Creating User by Name***********
2023-09-29 13:09:46,283 INFO a.t.UserTests2 [main] ***** Updating User***********
2023-09-29 13:09:47,122 INFO a.t.UserTests2 [main] ***** Deleting User***********
2023-09-29 13:11:15,190 INFO a.t.UserTests2 [main] ***** Creating User ***********
2023-09-29 13:11:18,185 INFO a.t.UserTests2 [main] ***** User is Created ***********
2023-09-29 13:11:18,226 INFO a.t.UserTests2 [main] ***** Creating User by Name***********
2023-09-29 13:11:19,164 INFO a.t.UserTests2 [main] ***** Updating User***********
2023-09-29 13:11:20,913 INFO a.t.UserTests2 [main] ***** Deleting User***********
2023-09-29 13:12:46,365 INFO a.t.UserTests2 [main] ***** Creating User ***********
2023-09-29 13:12:48,830 INFO a.t.UserTests2 [main] ***** User is Created ***********
2023-09-29 13:12:48,842 INFO a.t.UserTests2 [main] ***** Creating User by Name***********
2023-09-29 13:12:49,723 INFO a.t.UserTests2 [main] ***** Updating User***********
2023-09-29 13:12:51,423 INFO a.t.UserTests2 [main] ***** Deleting User***********
2023-09-29 13:15:08,347 INFO a.t.UserTests2 [main] ***** Updating User***********
2023-09-29 13:15:45,004 INFO a.t.UserTests2 [main] ***** Updating User***********
2023-10-02 10:30:04,353 INFO a.t.UserTests2 [main] ***** Creating User ***********
2023-10-02 10:30:06,286 INFO a.t.UserTests2 [main] ***** User is Created ***********
2023-10-02 10:30:06,297 INFO a.t.UserTests2 [main] ***** Creating User by Name***********
2023-10-02 10:30:06,797 INFO a.t.UserTests2 [main] ***** Updating User***********
2023-10-02 10:30:07,761 INFO a.t.UserTests2 [main] ***** Deleting User***********
2023-10-02 11:13:01,190 INFO a.t.UserTests2 [main] ***** Creating User ***********
2023-10-02 11:13:03,014 INFO a.t.UserTests2 [main] ***** User is Created ***********
2023-10-02 11:13:03,023 INFO a.t.UserTests2 [main] ***** Creating User by Name***********
2023-10-02 11:13:03,498 INFO a.t.UserTests2 [main] ***** Updating User***********
2023-10-02 11:13:04,417 INFO a.t.UserTests2 [main] ***** Deleting User***********
2023-10-02 11:14:03,201 INFO a.t.UserTests2 [main] ***** Creating User ***********
2023-10-02 11:14:05,091 INFO a.t.UserTests2 [main] ***** User is Created ***********
2023-10-02 11:14:05,099 INFO a.t.UserTests2 [main] ***** Creating User by Name***********
2023-10-02 11:14:05,580 INFO a.t.UserTests2 [main] ***** Updating User***********
2023-10-02 11:14:06,504 INFO a.t.UserTests2 [main] ***** Deleting User***********
